#
# There is insufficient memory for the Java Runtime Environment to continue.
# Native memory allocation (mmap) failed to map 257949696 bytes for G1 virtual space
# Possible reasons:
#   The system is out of physical RAM or swap space
#   The process is running with CompressedOops enabled, and the Java Heap may be blocking the growth of the native heap
# Possible solutions:
#   Reduce memory load on the system
#   Increase physical memory or swap space
#   Check if swap backing store is full
#   Decrease Java heap size (-Xmx/-Xms)
#   Decrease number of Java threads
#   Decrease Java thread stack sizes (-Xss)
#   Set larger code cache with -XX:ReservedCodeCacheSize=
#   JVM is running with Zero Based Compressed Oops mode in which the Java heap is
#     placed in the first 32GB address space. The Java Heap base address is the
#     maximum limit for the native heap growth. Please use -XX:HeapBaseMinAddress
#     to set the Java Heap base and to place the Java Heap above 32GB virtual address.
# This output file may be truncated or incomplete.
#
#  Out of Memory Error (os_windows.cpp:3528), pid=30364, tid=30412
#
# JRE version:  (20.0.2+9) (build )
# Java VM: Java HotSpot(TM) 64-Bit Server VM (20.0.2+9-78, mixed mode, sharing, tiered, compressed oops, compressed class ptrs, g1 gc, windows-amd64)
# No core dump will be written. Minidumps are not enabled by default on client versions of Windows
#

---------------  S U M M A R Y ------------

Command Line: --add-modules=ALL-DEFAULT jdk.compiler/com.sun.tools.javac.launcher.Main Hijo.java

Host: AMD Ryzen 7 5700U with Radeon Graphics         , 16 cores, 15G,  Windows 11 , 64 bit Build 22621 (10.0.22621.3958)
Time: Mon Oct 28 09:21:39 2024 Hora estándar romance elapsed time: 0.020616 seconds (0d 0h 0m 0s)

---------------  T H R E A D  ---------------

Current thread (0x00000198a27e68a0):  JavaThread "Unknown thread" [_thread_in_vm, id=30412, stack(0x00000046a6400000,0x00000046a6500000)]

Stack: [0x00000046a6400000,0x00000046a6500000]
Native frames: (J=compiled Java code, j=interpreted, Vv=VM code, C=native code)
V  [jvm.dll+0x6bc25a]
V  [jvm.dll+0x84971a]
V  [jvm.dll+0x84b315]
V  [jvm.dll+0x84ba13]
V  [jvm.dll+0x280e4f]
V  [jvm.dll+0x6b8fe9]
V  [jvm.dll+0x6adbca]
V  [jvm.dll+0x35b165]
V  [jvm.dll+0x363386]
V  [jvm.dll+0x3b400e]
V  [jvm.dll+0x3b4295]
V  [jvm.dll+0x32b86a]
V  [jvm.dll+0x32c68b]
V  [jvm.dll+0x8123df]
V  [jvm.dll+0x3c1261]
V  [jvm.dll+0x7fe103]
V  [jvm.dll+0x44ccaf]
V  [jvm.dll+0x44e621]
C  [jli.dll+0x5287]
C  [ucrtbase.dll+0x29333]
C  [KERNEL32.DLL+0x1257d]
C  [ntdll.dll+0x5af08]


---------------  P R O C E S S  ---------------

Threads class SMR info:
_java_thread_list=0x00007ff8d322b118, length=0, elements={
}

Java Threads: ( => current thread )

Other Threads:
  0x00000198a2853bb0 WorkerThread "GC Thread#0" [stack: 0x00000046a6500000,0x00000046a6600000] [id=30416]
  0x00000198a2863fa0 ConcurrentGCThread "G1 Main Marker" [stack: 0x00000046a6600000,0x00000046a6700000] [id=30420]
  0x00000198a28648e0 WorkerThread "G1 Conc#0" [stack: 0x00000046a6700000,0x00000046a6800000] [id=30424]

[error occurred during error reporting (printing all threads), id 0xc0000005, EXCEPTION_ACCESS_VIOLATION (0xc0000005) at pc=0x00007ff8d2a0eea7]
VM state: not at safepoint (not fully initialized)

VM Mutex/Monitor currently owned by a thread:  ([mutex/lock_event])
[0x00000198a27e3e00] Heap_lock - owner thread: 0x00000198a27e68a0

Heap address: 0x000000070a200000, size: 3934 MB, Compressed Oops mode: Zero based, Oop shift amount: 3

CDS archive(s) mapped at: [0x0000000000000000-0x0000000000000000-0x0000000000000000), size 0, SharedBaseAddress: 0x0000000800000000, ArchiveRelocationMode: 1.
Narrow klass base: 0x0000000000000000, Narrow klass shift: 0, Narrow klass range: 0x0

GC Precious Log:
 CardTable entry size: 512
 Card Set container configuration: InlinePtr #cards 4 size 8 Array Of Cards #cards 16 size 48 Howl #buckets 8 coarsen threshold 3686 Howl Bitmap #cards 512 size 80 coarsen threshold 460 Card regions per heap region 1 cards per card region 4096

Heap:
 garbage-first heap   total 0K, used 0K [0x000000070a200000, 0x0000000800000000)
  region size 2048K, 0 young (0K), 0 survivors (0K)

[error occurred during error reporting (printing heap information), id 0xc0000005, EXCEPTION_ACCESS_VIOLATION (0xc0000005) at pc=0x00007ff8d2de47b9]
GC Heap History (0 events):
No events

Dll operation events (1 events):
Event: 0.013 Loaded shared library C:\Program Files\Java\jdk-20\bin\java.dll

Deoptimization events (0 events):
No events

Classes loaded (0 events):
No events

Classes unloaded (0 events):
No events

Classes redefined (0 events):
No events

Internal exceptions (0 events):
No events

VM Operations (0 events):
No events

Events (0 events):
No events


Dynamic libraries:
0x00007ff7ec3a0000 - 0x00007ff7ec3b0000 	C:\Program Files\Java\jdk-20\bin\java.exe
0x00007ff94d990000 - 0x00007ff94dba7000 	C:\Windows\SYSTEM32\ntdll.dll
0x00007ff94d160000 - 0x00007ff94d224000 	C:\Windows\System32\KERNEL32.DLL
0x00007ff94b160000 - 0x00007ff94b517000 	C:\Windows\System32\KERNELBASE.dll
0x00007ff94ae70000 - 0x00007ff94af81000 	C:\Windows\System32\ucrtbase.dll
0x00007ff9440e0000 - 0x00007ff9440f9000 	C:\Program Files\Java\jdk-20\bin\jli.dll
0x00007ff93d170000 - 0x00007ff93d18b000 	C:\Program Files\Java\jdk-20\bin\VCRUNTIME140.dll
0x00007ff94bad0000 - 0x00007ff94bb82000 	C:\Windows\System32\ADVAPI32.dll
0x00007ff94cc00000 - 0x00007ff94cca7000 	C:\Windows\System32\msvcrt.dll
0x00007ff94ca80000 - 0x00007ff94cb28000 	C:\Windows\System32\sechost.dll
0x00007ff94b130000 - 0x00007ff94b158000 	C:\Windows\System32\bcrypt.dll
0x00007ff94bd50000 - 0x00007ff94be64000 	C:\Windows\System32\RPCRT4.dll
0x00007ff94d530000 - 0x00007ff94d6df000 	C:\Windows\System32\USER32.dll
0x00007ff94af90000 - 0x00007ff94afb6000 	C:\Windows\System32\win32u.dll
0x00007ff949ff0000 - 0x00007ff94a283000 	C:\Windows\WinSxS\amd64_microsoft.windows.common-controls_6595b64144ccf1df_6.0.22621.3672_none_2713b9d173822955\COMCTL32.dll
0x00007ff94ccb0000 - 0x00007ff94ccd9000 	C:\Windows\System32\GDI32.dll
0x00007ff94b520000 - 0x00007ff94b638000 	C:\Windows\System32\gdi32full.dll
0x00007ff94add0000 - 0x00007ff94ae6a000 	C:\Windows\System32\msvcp_win.dll
0x00007ff9414a0000 - 0x00007ff9414aa000 	C:\Windows\SYSTEM32\VERSION.dll
0x00007ff94bb90000 - 0x00007ff94bbc1000 	C:\Windows\System32\IMM32.DLL
0x00007ff945190000 - 0x00007ff94519c000 	C:\Program Files\Java\jdk-20\bin\vcruntime140_1.dll
0x00007ff920a30000 - 0x00007ff920abe000 	C:\Program Files\Java\jdk-20\bin\msvcp140.dll
0x00007ff8d26d0000 - 0x00007ff8d3368000 	C:\Program Files\Java\jdk-20\bin\server\jvm.dll
0x00007ff9442f0000 - 0x00007ff944324000 	C:\Windows\SYSTEM32\WINMM.dll
0x00007ff931ad0000 - 0x00007ff931ad9000 	C:\Windows\SYSTEM32\WSOCK32.dll
0x00007ff94ba50000 - 0x00007ff94bac1000 	C:\Windows\System32\WS2_32.dll
0x00007ff949370000 - 0x00007ff949388000 	C:\Windows\SYSTEM32\kernel.appcore.dll
0x00007ff944a60000 - 0x00007ff944a6a000 	C:\Program Files\Java\jdk-20\bin\jimage.dll
0x00007ff94a580000 - 0x00007ff94a7b2000 	C:\Windows\SYSTEM32\DBGHELP.DLL
0x00007ff94b6c0000 - 0x00007ff94ba4e000 	C:\Windows\System32\combase.dll
0x00007ff94bbe0000 - 0x00007ff94bcb7000 	C:\Windows\System32\OLEAUT32.dll
0x00007ff94a470000 - 0x00007ff94a4a2000 	C:\Windows\SYSTEM32\dbgcore.DLL
0x00007ff94b640000 - 0x00007ff94b6bb000 	C:\Windows\System32\bcryptPrimitives.dll
0x00007ff93d100000 - 0x00007ff93d126000 	C:\Program Files\Java\jdk-20\bin\java.dll

dbghelp: loaded successfully - version: 4.0.5 - missing functions: none
symbol engine: initialized successfully - sym options: 0x614 - pdb path: .;C:\Program Files\Java\jdk-20\bin;C:\Windows\SYSTEM32;C:\Windows\WinSxS\amd64_microsoft.windows.common-controls_6595b64144ccf1df_6.0.22621.3672_none_2713b9d173822955;C:\Program Files\Java\jdk-20\bin\server

VM Arguments:
jvm_args: --add-modules=ALL-DEFAULT 
java_command: jdk.compiler/com.sun.tools.javac.launcher.Main Hijo.java
java_class_path (initial): .
Launcher Type: SUN_STANDARD

[Global flags]
     intx CICompilerCount                          = 12                                        {product} {ergonomic}
     uint ConcGCThreads                            = 3                                         {product} {ergonomic}
     uint G1ConcRefinementThreads                  = 13                                        {product} {ergonomic}
   size_t G1HeapRegionSize                         = 2097152                                   {product} {ergonomic}
    uintx GCDrainStackTargetSize                   = 64                                        {product} {ergonomic}
   size_t InitialHeapSize                          = 257949696                                 {product} {ergonomic}
   size_t MarkStackSize                            = 4194304                                   {product} {ergonomic}
   size_t MaxHeapSize                              = 4125097984                                {product} {ergonomic}
   size_t MinHeapDeltaBytes                        = 2097152                                   {product} {ergonomic}
   size_t MinHeapSize                              = 8388608                                   {product} {ergonomic}
    uintx NonNMethodCodeHeapSize                   = 7602480                                {pd product} {ergonomic}
    uintx NonProfiledCodeHeapSize                  = 122027880                              {pd product} {ergonomic}
    uintx ProfiledCodeHeapSize                     = 122027880                              {pd product} {ergonomic}
    uintx ReservedCodeCacheSize                    = 251658240                              {pd product} {ergonomic}
     bool SegmentedCodeCache                       = true                                      {product} {ergonomic}
   size_t SoftMaxHeapSize                          = 4125097984                             {manageable} {ergonomic}
     bool UseCompressedClassPointers               = true                           {product lp64_product} {ergonomic}
     bool UseCompressedOops                        = true                           {product lp64_product} {ergonomic}
     bool UseG1GC                                  = true                                      {product} {ergonomic}
     bool UseLargePagesIndividualAllocation        = false                                  {pd product} {ergonomic}

Logging:
Log output configuration:
 #0: stdout all=warning uptime,level,tags foldmultilines=false
 #1: stderr all=off uptime,level,tags foldmultilines=false

Environment Variables:
JAVA_HOME=C:\Program Files\Java\jdk-20
PATH=C:\Program Files\Common Files\Oracle\Java\javapath;C:\Program Files (x86)\Common Files\Oracle\Java\java8path;C:\Program Files (x86)\Common Files\Oracle\Java\javapath;C:\Windows\system32;C:\Windows;C:\Windows\System32\Wbem;C:\Windows\System32\WindowsPowerShell\v1.0\;C:\Windows\System32\OpenSSH\;C:\Program Files\Intel\WiFi\bin\;C:\Program Files\Common Files\Intel\WirelessCommon\;C:\Program Files\AutoFirma\AutoFirma;C:\Program Files\dotnet\;C:\Program Files\Liquid Technologies\Liquid Studio\XmlDataBinder20\Redist20\cpp\win32\bin;C:\Program Files\Liquid Technologies\Liquid Studio\XmlDataBinder20\Redist20\cpp\win64\bin;C:\Program Files\VisualSVN Server\bin;C:\Program Files\Git\cmd;C:\Program Files\PostgreSQL\16\bin;C:\Users\marti\AppData\Local\Programs\Python\Python312\Scripts\;C:\Users\marti\AppData\Local\Programs\Python\Python312\;C:\Users\marti\AppData\Local\Programs\Python\Launcher\;C:\Users\marti\AppData\Local\Microsoft\WindowsApps;C:\Users\marti\AppData\Local\Programs\Microsoft VS Code\bin;C:\ProgramData\marti\GitHubDesktop\bin;C:\Users\marti\AppData\Local\GitHubDesktop\bin
USERNAME=marti
OS=Windows_NT
PROCESSOR_IDENTIFIER=AMD64 Family 23 Model 104 Stepping 1, AuthenticAMD
TMP=C:\Users\marti\AppData\Local\Temp
TEMP=C:\Users\marti\AppData\Local\Temp




---------------  S Y S T E M  ---------------

OS:
 Windows 11 , 64 bit Build 22621 (10.0.22621.3958)
OS uptime: 0 days 12:01 hours
Hyper-V role detected

CPU: total 16 (initial active 16) (16 cores per cpu, 2 threads per core) family 23 model 104 stepping 1 microcode 0x0, cx8, cmov, fxsr, ht, mmx, 3dnowpref, sse, sse2, sse3, ssse3, sse4a, sse4.1, sse4.2, popcnt, lzcnt, tsc, tscinvbit, avx, avx2, aes, clmul, bmi1, bmi2, adx, sha, fma, vzeroupper, clflush, clflushopt, hv, rdtscp, rdpid, f16c

Memory: 4k page, system-wide physical 15733M (151M free)
TotalPageFile size 64885M (AvailPageFile size 52M)
current process WorkingSet (physical memory assigned to process): 12M, peak: 12M
current process commit charge ("private bytes"): 70M, peak: 316M

vm_info: Java HotSpot(TM) 64-Bit Server VM (20.0.2+9-78) for windows-amd64 JRE (20.0.2+9-78), built on 2023-06-14T10:08:48Z by "mach5one" with MS VC++ 17.1 (VS2022)

END.
